[    0.000000] Initializing cgroup subsys cpuset
[    0.000000] Initializing cgroup subsys cpu
[    0.000000] Initializing cgroup subsys cpuacct
[    0.000000] Linux version 4.4.0-170-generic (buildd@lcy01-amd64-019) (gcc version 5.4.0 20160609 (Ubuntu 5.4.0-6ubuntu1~16.04.12) ) #199-Ubuntu SMP Thu Nov 14 01:45:04 UTC 2019 (Ubuntu 4.4.0-170.199-generic 4.4.200)
[    0.000000] Command line: BOOT_IMAGE=/boot/vmlinuz-4.4.0-170-generic root=LABEL=cloudimg-rootfs ro console=tty1 console=ttyS0
[    0.000000] KERNEL supported cpus:
[    0.000000]   Intel GenuineIntel
[    0.000000]   AMD AuthenticAMD
[    0.000000]   Centaur CentaurHauls
[    0.000000] x86/fpu: xstate_offset[2]:  576, xstate_sizes[2]:  256
[    0.000000] x86/fpu: Supporting XSAVE feature 0x01: 'x87 floating point registers'
[    0.000000] x86/fpu: Supporting XSAVE feature 0x02: 'SSE registers'
[    0.000000] x86/fpu: Supporting XSAVE feature 0x04: 'AVX registers'
[    0.000000] x86/fpu: Enabled xstate features 0x7, context size is 832 bytes, using 'standard' format.
[    0.000000] e820: BIOS-provided physical RAM map:
[    0.000000] BIOS-e820: [mem 0x0000000000000000-0x000000000009fbff] usable
[    0.000000] BIOS-e820: [mem 0x000000000009fc00-0x000000000009ffff] reserved
[    0.000000] BIOS-e820: [mem 0x00000000000f0000-0x00000000000fffff] reserved
[    0.000000] BIOS-e820: [mem 0x0000000000100000-0x000000003ffeffff] usable
[    0.000000] BIOS-e820: [mem 0x000000003fff0000-0x000000003fffffff] ACPI data
[    0.000000] BIOS-e820: [mem 0x00000000fec00000-0x00000000fec00fff] reserved
[    0.000000] BIOS-e820: [mem 0x00000000fee00000-0x00000000fee00fff] reserved
[    0.000000] BIOS-e820: [mem 0x00000000fffc0000-0x00000000ffffffff] reserved
[    0.000000] NX (Execute Disable) protection: active
[    0.000000] SMBIOS 2.5 present.
[    0.000000] Hypervisor detected: KVM
[    0.000000] e820: last_pfn = 0x3fff0 max_arch_pfn = 0x400000000
[    0.000000] MTRR: Disabled
[    0.000000] x86/PAT: MTRRs disabled, skipping PAT initialization too.
[    0.000000] CPU MTRRs all blank - virtualized system.
[    0.000000] x86/PAT: Configuration [0-7]: WB  WT  UC- UC  WB  WT  UC- UC  
[    0.000000] found SMP MP-table at [mem 0x0009fff0-0x0009ffff] mapped at [ffff88000009fff0]
[    0.000000] Scanning 1 areas for low memory corruption
[    0.000000] RAMDISK: [mem 0x362f4000-0x37171fff]
[    0.000000] ACPI: Early table checksum verification disabled
[    0.000000] ACPI: RSDP 0x00000000000E0000 000024 (v02 VBOX  )
[    0.000000] ACPI: XSDT 0x000000003FFF0030 00003C (v01 VBOX   VBOXXSDT 00000001 ASL  00000061)
[    0.000000] ACPI: FACP 0x000000003FFF00F0 0000F4 (v04 VBOX   VBOXFACP 00000001 ASL  00000061)
[    0.000000] ACPI: DSDT 0x000000003FFF0470 0022EA (v02 VBOX   VBOXBIOS 00000002 INTL 20100528)
[    0.000000] ACPI: FACS 0x000000003FFF0200 000040
[    0.000000] ACPI: FACS 0x000000003FFF0200 000040
[    0.000000] ACPI: APIC 0x000000003FFF0240 00005C (v02 VBOX   VBOXAPIC 00000001 ASL  00000061)
[    0.000000] ACPI: SSDT 0x000000003FFF02A0 0001CC (v01 VBOX   VBOXCPUT 00000002 INTL 20100528)
[    0.000000] No NUMA configuration found
[    0.000000] Faking a node at [mem 0x0000000000000000-0x000000003ffeffff]
[    0.000000] NODE_DATA(0) allocated [mem 0x3ffeb000-0x3ffeffff]
[    0.000000] kvm-clock: Using msrs 4b564d01 and 4b564d00
[    0.000000] kvm-clock: cpu 0, msr 0:3ffe3001, primary cpu clock
[    0.000000] kvm-clock: using sched offset of 6906466962 cycles
[    0.000000] clocksource: kvm-clock: mask: 0xffffffffffffffff max_cycles: 0x1cd42e4dffb, max_idle_ns: 881590591483 ns
[    0.000000] Zone ranges:
[    0.000000]   DMA      [mem 0x0000000000001000-0x0000000000ffffff]
[    0.000000]   DMA32    [mem 0x0000000001000000-0x000000003ffeffff]
[    0.000000]   Normal   empty
[    0.000000]   Device   empty
[    0.000000] Movable zone start for each node
[    0.000000] Early memory node ranges
[    0.000000]   node   0: [mem 0x0000000000001000-0x000000000009efff]
[    0.000000]   node   0: [mem 0x0000000000100000-0x000000003ffeffff]
[    0.000000] Initmem setup node 0 [mem 0x0000000000001000-0x000000003ffeffff]
[    0.000000] ACPI: PM-Timer IO Port: 0x4008
[    0.000000] IOAPIC[0]: apic_id 2, version 32, address 0xfec00000, GSI 0-23
[    0.000000] ACPI: INT_SRC_OVR (bus 0 bus_irq 0 global_irq 2 dfl dfl)
[    0.000000] ACPI: INT_SRC_OVR (bus 0 bus_irq 9 global_irq 9 low level)
[    0.000000] Using ACPI (MADT) for SMP configuration information
[    0.000000] smpboot: Allowing 2 CPUs, 0 hotplug CPUs
[    0.000000] PM: Registered nosave memory: [mem 0x00000000-0x00000fff]
[    0.000000] PM: Registered nosave memory: [mem 0x0009f000-0x0009ffff]
[    0.000000] PM: Registered nosave memory: [mem 0x000a0000-0x000effff]
[    0.000000] PM: Registered nosave memory: [mem 0x000f0000-0x000fffff]
[    0.000000] e820: [mem 0x40000000-0xfebfffff] available for PCI devices
[    0.000000] Booting paravirtualized kernel on KVM
[    0.000000] clocksource: refined-jiffies: mask: 0xffffffff max_cycles: 0xffffffff, max_idle_ns: 7645519600211568 ns
[    0.000000] setup_percpu: NR_CPUS:512 nr_cpumask_bits:512 nr_cpu_ids:2 nr_node_ids:1
[    0.000000] PERCPU: Embedded 33 pages/cpu @ffff88003fc00000 s95448 r8192 d31528 u1048576
[    0.000000] Built 1 zonelists in Node order, mobility grouping on.  Total pages: 257912
[    0.000000] Policy zone: DMA32
[    0.000000] Kernel command line: BOOT_IMAGE=/boot/vmlinuz-4.4.0-170-generic root=LABEL=cloudimg-rootfs ro console=tty1 console=ttyS0
[    0.000000] PID hash table entries: 4096 (order: 3, 32768 bytes)
[    0.000000] Memory: 997716K/1048120K available (8626K kernel code, 1336K rwdata, 4036K rodata, 1488K init, 1288K bss, 50404K reserved, 0K cma-reserved)
[    0.000000] SLUB: HWalign=64, Order=0-3, MinObjects=0, CPUs=2, Nodes=1
[    0.000000] Kernel/User page tables isolation: enabled
[    0.000000] Hierarchical RCU implementation.
[    0.000000] 	Build-time adjustment of leaf fanout to 64.
[    0.000000] 	RCU restricting CPUs from NR_CPUS=512 to nr_cpu_ids=2.
[    0.000000] RCU: Adjusting geometry for rcu_fanout_leaf=64, nr_cpu_ids=2
[    0.000000] NR_IRQS:33024 nr_irqs:440 16
[    0.000000] Console: colour VGA+ 80x25
[    0.000000] console [tty1] enabled
[    0.000000] console [ttyS0] enabled
[    0.000000] tsc: Detected 2494.230 MHz processor
[    0.984454] Calibrating delay loop (skipped) preset value.. 4988.46 BogoMIPS (lpj=9976920)
[    0.998059] pid_max: default: 32768 minimum: 301
[    1.005247] ACPI: Core revision 20150930
[    1.022116] ACPI: 2 ACPI AML tables successfully acquired and loaded
[    1.032190] Security Framework initialized
[    1.039145] Yama: becoming mindful.
[    1.045510] AppArmor: AppArmor initialized
[    1.052898] Dentry cache hash table entries: 131072 (order: 8, 1048576 bytes)
[    1.075323] Inode-cache hash table entries: 65536 (order: 7, 524288 bytes)
[    1.087641] Mount-cache hash table entries: 2048 (order: 2, 16384 bytes)
[    1.097713] Mountpoint-cache hash table entries: 2048 (order: 2, 16384 bytes)
[    1.114162] Initializing cgroup subsys io
[    1.119773] Initializing cgroup subsys memory
[    1.125544] Initializing cgroup subsys devices
[    1.131592] Initializing cgroup subsys freezer
[    1.137453] Initializing cgroup subsys net_cls
[    1.143950] Initializing cgroup subsys perf_event
[    1.150212] Initializing cgroup subsys net_prio
[    1.155750] Initializing cgroup subsys hugetlb
[    1.162520] Initializing cgroup subsys pids
[    1.169890] mce: CPU supports 0 MCE banks
[    1.175386] Last level iTLB entries: 4KB 1024, 2MB 1024, 4MB 1024
[    1.182620] Last level dTLB entries: 4KB 1024, 2MB 1024, 4MB 1024, 1GB 4
[    1.191965] Spectre V1 : Mitigation: usercopy/swapgs barriers and __user pointer sanitization
[    1.203282] Spectre V2 : Mitigation: Full generic retpoline
[    1.211025] Spectre V2 : Spectre v2 / SpectreRSB mitigation: Filling RSB on context switch
[    1.222990] Speculative Store Bypass: Vulnerable
[    1.229164] MDS: Vulnerable: Clear CPU buffers attempted, no microcode
[    1.250505] Freeing SMP alternatives memory: 36K
[    1.279675] ftrace: allocating 32302 entries in 127 pages
[    1.512154] smpboot: APIC(0) Converting physical 0 to logical package 0
[    1.521585] smpboot: Max logical packages: 1
[    1.530832] x2apic enabled
[    1.536408] Switched APIC routing to physical x2apic.
[    1.549148] ..TIMER: vector=0x30 apic1=0 pin1=2 apic2=-1 pin2=-1
[    1.665592] smpboot: CPU0: Intel(R) Core(TM) i5-4300U CPU @ 1.90GHz (family: 0x6, model: 0x45, stepping: 0x1)
[    1.679017] Performance Events: unsupported p6 CPU model 69 no PMU driver, software events only.
[    1.726385] KVM setup paravirtual spinlock
[    1.733620] x86: Booting SMP configuration:
[    1.739729] .... node  #0, CPUs:      #1
[    1.744743] kvm-clock: cpu 1, msr 0:3ffe3041, secondary cpu clock
[    1.752200] mce: CPU supports 0 MCE banks
[    1.758349] x86: Booted up 1 node, 2 CPUs
[    1.764918] smpboot: Total of 2 processors activated (9976.92 BogoMIPS)
[    1.774214] devtmpfs: initialized
[    1.803987] evm: security.selinux
[    1.808881] evm: security.SMACK64
[    1.814094] evm: security.SMACK64EXEC
[    1.819226] evm: security.SMACK64TRANSMUTE
[    1.824156] evm: security.SMACK64MMAP
[    1.829545] evm: security.ima
[    1.833711] evm: security.capability
[    1.839655] clocksource: jiffies: mask: 0xffffffff max_cycles: 0xffffffff, max_idle_ns: 7645041785100000 ns
[    1.852508] futex hash table entries: 512 (order: 3, 32768 bytes)
[    1.860917] pinctrl core: initialized pinctrl subsystem
[    1.868680] RTC time: 17:19:42, date: 12/10/19
[    1.875159] NET: Registered protocol family 16
[    1.892774] cpuidle: using governor ladder
[    1.912258] cpuidle: using governor menu
[    1.918251] PCCT header not found.
[    1.923672] ACPI: bus type PCI registered
[    1.930516] acpiphp: ACPI Hot Plug PCI Controller Driver version: 0.5
[    1.940746] PCI: Using configuration type 1 for base access
[    1.966905] ACPI: Added _OSI(Module Device)
[    1.973547] ACPI: Added _OSI(Processor Device)
[    1.979651] ACPI: Added _OSI(3.0 _SCP Extensions)
[    1.987143] ACPI: Added _OSI(Processor Aggregator Device)
[    1.997073] ACPI: Executed 1 blocks of module-level executable AML code
[    2.015132] ACPI: Interpreter enabled
[    2.020572] ACPI: (supports S0 S5)
[    2.025566] ACPI: Using IOAPIC for interrupt routing
[    2.033109] PCI: Using host bridge windows from ACPI; if necessary, use "pci=nocrs" and report a bug
[    2.067724] ACPI: PCI Root Bridge [PCI0] (domain 0000 [bus 00-ff])
[    2.076577] acpi PNP0A03:00: _OSC: OS supports [ASPM ClockPM Segments MSI]
[    2.089584] acpi PNP0A03:00: _OSC: not requesting OS control; OS requires [ExtendedConfig ASPM ClockPM MSI]
[    2.105401] acpi PNP0A03:00: fail to add MMCONFIG information, can't access extended PCI configuration space under this bridge.
[    2.124358] PCI host bridge to bus 0000:00
[    2.131821] pci_bus 0000:00: root bus resource [io  0x0000-0x0cf7 window]
[    2.141948] pci_bus 0000:00: root bus resource [io  0x0d00-0xffff window]
[    2.156622] pci_bus 0000:00: root bus resource [mem 0x000a0000-0x000bffff window]
[    2.169236] pci_bus 0000:00: root bus resource [mem 0x40000000-0xfdffffff window]
[    2.187805] pci_bus 0000:00: root bus resource [bus 00-ff]
[    2.204214] pci 0000:00:01.1: legacy IDE quirk: reg 0x10: [io  0x01f0-0x01f7]
[    2.214874] pci 0000:00:01.1: legacy IDE quirk: reg 0x14: [io  0x03f6]
[    2.226279] pci 0000:00:01.1: legacy IDE quirk: reg 0x18: [io  0x0170-0x0177]
[    2.237515] pci 0000:00:01.1: legacy IDE quirk: reg 0x1c: [io  0x0376]
[    2.362605] pci 0000:00:07.0: quirk: [io  0x4000-0x403f] claimed by PIIX4 ACPI
[    2.372781] pci 0000:00:07.0: quirk: [io  0x4100-0x410f] claimed by PIIX4 SMB
[    2.399638] ACPI: PCI Interrupt Link [LNKA] (IRQs 5 9 10 *11)
[    2.410955] ACPI: PCI Interrupt Link [LNKB] (IRQs 5 9 *10 11)
[    2.420997] ACPI: PCI Interrupt Link [LNKC] (IRQs 5 *9 10 11)
[    2.430419] ACPI: PCI Interrupt Link [LNKD] (IRQs 5 9 10 *11)
[    2.440820] ACPI: Enabled 2 GPEs in block 00 to 07
[    2.449364] vgaarb: setting as boot device: PCI:0000:00:02.0
[    2.457369] vgaarb: device added: PCI:0000:00:02.0,decodes=io+mem,owns=io+mem,locks=none
[    2.468828] vgaarb: loaded
[    2.473756] vgaarb: bridge control possible 0000:00:02.0
[    2.481949] SCSI subsystem initialized
[    2.488484] ACPI: bus type USB registered
[    2.494180] usbcore: registered new interface driver usbfs
[    2.501677] usbcore: registered new interface driver hub
[    2.509234] usbcore: registered new device driver usb
[    2.516631] PCI: Using ACPI for IRQ routing
[    2.523656] NetLabel: Initializing
[    2.528641] NetLabel:  domain hash size = 128
[    2.535185] NetLabel:  protocols = UNLABELED CIPSOv4
[    2.549421] NetLabel:  unlabeled traffic allowed by default
[    2.557765] amd_nb: Cannot enumerate AMD northbridges
[    2.565643] clocksource: Switched to clocksource kvm-clock
[    2.616917] AppArmor: AppArmor Filesystem Enabled
[    2.624270] pnp: PnP ACPI init
[    2.632418] pnp: PnP ACPI: found 3 devices
[    2.655803] clocksource: acpi_pm: mask: 0xffffff max_cycles: 0xffffff, max_idle_ns: 2085701024 ns
[    2.668450] NET: Registered protocol family 2
[    2.675313] TCP established hash table entries: 8192 (order: 4, 65536 bytes)
[    2.684528] TCP bind hash table entries: 8192 (order: 5, 131072 bytes)
[    2.693305] TCP: Hash tables configured (established 8192 bind 8192)
[    2.702128] UDP hash table entries: 512 (order: 2, 16384 bytes)
[    2.709108] UDP-Lite hash table entries: 512 (order: 2, 16384 bytes)
[    2.717618] NET: Registered protocol family 1
[    2.724293] pci 0000:00:00.0: Limiting direct PCI/PCI transfers
[    2.738853] pci 0000:00:01.0: Activating ISA DMA hang workarounds
[    2.747267] Unpacking initramfs...
[    3.817868] Freeing initrd memory: 14840K
[    3.824641] RAPL PMU detected, API unit is 2^-32 Joules, 4 fixed counters 10737418240 ms ovfl timer
[    3.837777] hw unit of domain pp0-core 2^-0 Joules
[    3.844109] hw unit of domain package 2^-0 Joules
[    3.850877] hw unit of domain dram 2^-0 Joules
[    3.857216] hw unit of domain pp1-gpu 2^-0 Joules
[    3.864283] clocksource: tsc: mask: 0xffffffffffffffff max_cycles: 0x23f3ef00b85, max_idle_ns: 440795229986 ns
[    3.877340] platform rtc_cmos: registered platform RTC device (no PNP device found)
[    3.888643] Scanning for low memory corruption every 60 seconds
[    3.899743] audit: initializing netlink subsys (disabled)
[    3.906920] audit: type=2000 audit(1575998392.025:1): initialized
[    3.915934] Initialise system trusted keyring
[    3.922140] HugeTLB registered 2 MB page size, pre-allocated 0 pages
[    3.938899] zbud: loaded
[    3.944934] VFS: Disk quotas dquot_6.6.0
[    3.950603] VFS: Dquot-cache hash table entries: 512 (order 0, 4096 bytes)
[    3.960368] squashfs: version 4.0 (2009/01/31) Phillip Lougher
[    3.970226] fuse init (API version 7.23)
[    3.976815] Key type big_key registered
[    3.982678] Allocating IMA MOK and blacklist keyrings.
[    3.992794] Key type asymmetric registered
[    3.998523] Asymmetric key parser 'x509' registered
[    4.005344] Block layer SCSI generic (bsg) driver version 0.4 loaded (major 249)
[    4.015898] io scheduler noop registered
[    4.021549] io scheduler deadline registered (default)
[    4.028770] io scheduler cfq registered
[    4.034965] pci_hotplug: PCI Hot Plug PCI Core version: 0.5
[    4.042619] pciehp: PCI Express Hot Plug Controller Driver version: 0.4
[    4.051630] ACPI: AC Adapter [AC] (off-line)
[    4.057456] input: Power Button as /devices/LNXSYSTM:00/LNXPWRBN:00/input/input0
[    4.067550] ACPI: Power Button [PWRF]
[    4.072836] input: Sleep Button as /devices/LNXSYSTM:00/LNXSLPBN:00/input/input1
[    4.082923] ACPI: Sleep Button [SLPF]
[    4.089228] GHES: HEST is not enabled!
[    4.092366] ACPI: Battery Slot [BAT0] (battery present)
[    4.102865] Serial: 8250/16550 driver, 32 ports, IRQ sharing enabled
] 00:02: ttyS0 at I/O 0x3f8 (irq = 4, base_baud = 115200) is a 16550A
[    5.099417] Linux agpgart interface v0.103
[    5.109523] loop: module loaded
[    5.117257] scsi host0: ata_piix
[    5.122777] scsi host1: ata_piix
[    5.128659] ata1: PATA max UDMA/33 cmd 0x1f0 ctl 0x3f6 bmdma 0xd000 irq 14
[    5.139164] ata2: PATA max UDMA/33 cmd 0x170 ctl 0x376 bmdma 0xd008 irq 15
[    5.150017] libphy: Fixed MDIO Bus: probed
[    5.157818] tun: Universal TUN/TAP device driver, 1.6
[    5.165199] tun: (C) 1999-2004 Max Krasnyansky <maxk@qualcomm.com>
[    5.174761] PPP generic driver version 2.4.2
[    5.182929] ehci_hcd: USB 2.0 'Enhanced' Host Controller (EHCI) Driver
[    5.194932] ehci-pci: EHCI PCI platform driver
[    5.201709] ehci-platform: EHCI generic platform driver
[    5.210745] ohci_hcd: USB 1.1 'Open' Host Controller (OHCI) Driver
[    5.220678] ohci-pci: OHCI PCI platform driver
[    5.227103] ohci-platform: OHCI generic platform driver
[    5.233802] uhci_hcd: USB Universal Host Controller Interface driver
[    5.242673] i8042: PNP: PS/2 Controller [PNP0303:PS2K,PNP0f03:PS2M] at 0x60,0x64 irq 1,12
[    5.255007] serio: i8042 KBD port at 0x60,0x64 irq 1
[    5.262231] serio: i8042 AUX port at 0x60,0x64 irq 12
[    5.268574] mousedev: PS/2 mouse device common for all mice
[    5.277469] input: AT Translated Set 2 keyboard as /devices/platform/i8042/serio0/input/input2
[    5.288893] rtc_cmos rtc_cmos: rtc core: registered rtc_cmos as rtc0
[    5.296659] rtc_cmos rtc_cmos: alarms up to one day, 114 bytes nvram
[    5.305760] i2c /dev entries driver
[    5.311310] device-mapper: uevent: version 1.0.3
[    5.318454] device-mapper: ioctl: 4.34.0-ioctl (2015-10-28) initialised: dm-devel@redhat.com
[    5.331501] ledtrig-cpu: registered to indicate activity on CPUs
[    5.342835] NET: Registered protocol family 10
[    5.350735] NET: Registered protocol family 17
[    5.357256] Key type dns_resolver registered
[    5.365197] registered taskstats version 1
[    5.371637] Loading compiled-in X.509 certificates
[    5.381362] Loaded X.509 cert 'Build time autogenerated kernel key: f0e56e97f406068ace47a9bf54316e9855aaaa43'
[    5.396479] zswap: loaded using pool lzo/zbud
[    5.409041] Key type trusted registered
[    5.424511] Key type encrypted registered
[    5.430802] AppArmor: AppArmor sha1 policy hashing enabled
[    5.438122] ima: No TPM chip found, activating TPM-bypass!
[    5.446322] ima: Allocated hash algorithm: sha1
[    5.452960] evm: HMAC attrs: 0x1
[    5.459046]   Magic number: 15:861:339
[    5.465826] rtc_cmos rtc_cmos: setting system clock to 2019-12-10 17:19:46 UTC (1575998386)
[    5.477573] BIOS EDD facility v0.16 2004-Jun-25, 0 devices found
[    5.486597] EDD information not available.
[    5.497559] Freeing unused kernel memory: 1488K
[    5.513942] Write protecting the kernel read-only data: 14336k
[    5.524585] Freeing unused kernel memory: 1604K
[    5.531730] Freeing unused kernel memory: 60K
Loading, please wait...
starting version 229
[    5.579232] random: systemd-udevd: uninitialized urandom read (16 bytes read, 3 bits of entropy available)
[    5.581847] random: udevadm: uninitialized urandom read (16 bytes read, 3 bits of entropy available)
[    5.581909] random: udevadm: uninitialized urandom read (16 bytes read, 3 bits of entropy available)
[    5.621737] random: systemd-udevd: uninitialized urandom read (16 bytes read, 3 bits of entropy available)
[    5.621780] random: udevadm: uninitialized urandom read (16 bytes read, 3 bits of entropy available)
[    5.622037] random: udevadm: uninitialized urandom read (16 bytes read, 3 bits of entropy available)
[    5.623064] random: udevadm: uninitialized urandom read (16 bytes read, 3 bits of entropy available)
[    5.623302] random: udevadm: uninitialized urandom read (16 bytes read, 3 bits of entropy available)
[    5.623507] random: udevadm: uninitialized urandom read (16 bytes read, 3 bits of entropy available)
[    5.623712] random: udevadm: uninitialized urandom read (16 bytes read, 3 bits of entropy available)
[    5.823873] e1000: Intel(R) PRO/1000 Network Driver - version 7.3.21-k8-NAPI
[    5.833657] e1000: Copyright (c) 1999-2006 Intel Corporation.
[    5.844523] Fusion MPT base driver 3.04.20
[    5.851497] Copyright (c) 1999-2008 LSI Corporation
[    5.896117] Fusion MPT SPI Host driver 3.04.20
[    6.026410] AVX2 version of gcm_enc/dec engaged.
[    6.036084] AES CTR mode by8 optimization enabled
[    6.108423] input: ImExPS/2 Generic Explorer Mouse as /devices/platform/i8042/serio1/input/input4
[    6.607504] e1000 0000:00:03.0 eth0: (PCI:33MHz:32-bit) 02:4f:25:6a:cc:77
[    6.616961] e1000 0000:00:03.0 eth0: Intel(R) PRO/1000 Network Connection
[    6.629372] mptbase: ioc0: Initiating bringup
[    6.637130] e1000 0000:00:03.0 enp0s3: renamed from eth0
[    6.699054] ioc0: LSI53C1030 A0: Capabilities={Initiator}
[    6.870194] scsi host2: ioc0: LSI53C1030 A0, FwRev=00000000h, Ports=1, MaxQ=256, IRQ=20
[    6.995531] scsi 2:0:0:0: Direct-Access     VBOX     HARDDISK         1.0  PQ: 0 ANSI: 5
[    7.006003] scsi target2:0:0: Beginning Domain Validation
[    7.018218] scsi target2:0:0: Domain Validation skipping write tests
[    7.026510] scsi target2:0:0: Ending Domain Validation
[    7.034460] scsi target2:0:0: asynchronous
[    7.094015] scsi 2:0:1:0: Direct-Access     VBOX     HARDDISK         1.0  PQ: 0 ANSI: 5
[    7.105899] scsi target2:0:1: Beginning Domain Validation
[    7.117217] scsi target2:0:1: Domain Validation skipping write tests
[    7.125571] scsi target2:0:1: Ending Domain Validation
[    7.133359] scsi target2:0:1: asynchronous
[    7.160457] sd 2:0:0:0: Attached scsi generic sg0 type 0
[    7.168405] sd 2:0:0:0: [sda] 20971520 512-byte logical blocks: (10.7 GB/10.0 GiB)
[    7.178992] sd 2:0:0:0: [sda] Write Protect is off
[    7.180391] sd 2:0:1:0: [sdb] 20480 512-byte logical blocks: (10.5 MB/10.0 MiB)
[    7.180839] sd 2:0:1:0: [sdb] Write Protect is off
[    7.181101] sd 2:0:1:0: [sdb] Incomplete mode parameter data
[    7.181107] sd 2:0:1:0: [sdb] Assuming drive cache: write through
[    7.186499] sd 2:0:1:0: Attached scsi generic sg1 type 0
[    7.190018] sd 2:0:1:0: [sdb] Attached SCSI disk
[    7.239697] sd 2:0:0:0: [sda] Incomplete mode parameter data
[    7.248099] sd 2:0:0:0: [sda] Assuming drive cache: write through
[    7.259422]  sda: sda1
[    7.266344] sd 2:0:0:0: [sda] Attached SCSI disk
Begin: Loading essential drivers ... [   10.275287] md: linear personality registered for level -1
[   10.289286] md: multipath personality registered for level -4
[   10.302875] md: raid0 personality registered for level 0
[   10.319398] md: raid1 personality registered for level 1
[   10.405904] raid6: sse2x1   gen()  1534 MB/s
[   10.478185] raid6: sse2x1   xor()  1005 MB/s
[   10.550393] raid6: sse2x2   gen()  2376 MB/s
[   10.626180] raid6: sse2x2   xor()  1465 MB/s
[   10.701877] raid6: sse2x4   gen()  3478 MB/s
[   10.774012] raid6: sse2x4   xor()  1957 MB/s
[   10.846227] raid6: avx2x1   gen()  2886 MB/s
[   10.918441] raid6: avx2x2   gen()  5357 MB/s
[   10.994635] raid6: avx2x4   gen()  7857 MB/s
[   11.000010] raid6: using algorithm avx2x4 gen() 7857 MB/s
[   11.005947] raid6: using avx2x2 recovery algorithm
[   11.016242] xor: automatically using best checksumming function:
[   11.061745]    avx       :  8943.000 MB/sec
[   11.073393] async_tx: api initialized (async)
[   11.116289] md: raid6 personality registered for level 6
[   11.124741] md: raid5 personality registered for level 5
[   11.136443] md: raid4 personality registered for level 4
[   11.165867] md: raid10 personality registered for level 10
done.
Begin: Running /scripts/init-premount ... done.
Begin: Mounting root file system ... Begin: Running /scripts/local-top ... done.
Begin: Running /scripts/local-premount ... [   11.294319] Btrfs loaded
Scanning for Btrfs filesystems
done.
Warning: fsck not present, so skipping root file system
[   11.355866] EXT4-fs (sda1): mounted filesystem with ordered data mode. Opts: (null)
done.
Begin: Running /scripts/local-bottom ... done.
Begin: Running /scripts/init-bottom ... done.
[   11.548825] systemd[1]: systemd 229 running in system mode. (+PAM +AUDIT +SELINUX +IMA +APPARMOR +SMACK +SYSVINIT +UTMP +LIBCRYPTSETUP +GCRYPT +GNUTLS +ACL +XZ -LZ4 +SECCOMP +BLKID +ELFUTILS +KMOD -IDN)
[   11.572373] systemd[1]: Detected virtualization oracle.
[   11.578153] systemd[1]: Detected architecture x86-64.

Welcome to [1mUbuntu 16.04.6 LTS[0m!

[   11.595057] systemd[1]: Set hostname to <ubuntu>.
[   11.604954] systemd[1]: Initializing machine ID from random generator.
[   11.612876] systemd[1]: Installed transient /etc/machine-id file.
[   11.851568] systemd[1]: Started Trigger resolvconf update for networkd DNS.
[[0;32m  OK  [0m] Started Trigger resolvconf update for networkd DNS.
[   11.866772] systemd[1]: Reached target Swap.
[[0;32m  OK  [0m] Reached target Swap.
[   11.878634] systemd[1]: Listening on Journal Socket (/dev/log).
[[0;32m  OK  [0m] Listening on Journal Socket (/dev/log).
[   12.079766] systemd[1]: Created slice System Slice.
[[0;32m  OK  [0m] Created slice System Slice.
[   12.109803] systemd[1]: Created slice system-serial\x2dgetty.slice.
[[0;32m  OK  [0m] Created slice system-serial\x2dgetty.slice.
[   12.354495] systemd[1]: Listening on udev Kernel Socket.
[[0;32m  OK  [0m] Listening on udev Kernel Socket.
[   12.383883] systemd[1]: Reached target System Time Synchronized.
[[0;32m  OK  [0m] Reached target System Time Synchronized.
[   12.418948] systemd[1]: Listening on /dev/initctl Compatibility Named Pipe.
[[0;32m  OK  [0m] Listening on /dev/initctl Compatibility Named Pipe.
[   12.456745] systemd[1]: Listening on LVM2 poll daemon socket.
[[0;32m  OK  [0m] Listening on LVM2 poll daemon socket.
[   12.478751] systemd[1]: Listening on Journal Socket.
[[0;32m  OK  [0m] Listening on Journal Socket.
[   12.506723] systemd[1]: Starting Set console keymap...
         Starting Set console keymap...
[   12.528504] systemd[1]: Starting Create list of required static device nodes for the current kernel...
         Starting Create list of required st... nodes for the current kernel...
[   12.552798] systemd[1]: Mounting Huge Pages File System...
         Mounting Huge Pages File System...
[   12.568125] systemd[1]: Mounting POSIX Message Queue File System...
         Mounting POSIX Message Queue File System...
[   12.594595] systemd[1]: Reached target User and Group Name Lookups.
[[0;32m  OK  [0m] Reached target User and Group Name Lookups.
[   12.630452] systemd[1]: Mounting Debug File System...
         Mounting Debug File System...
[   12.650337] systemd[1]: Listening on Journal Audit Socket.
[[0;32m  OK  [0m] Listening on Journal Audit Socket.
[   12.688630] systemd[1]: Starting Nameserver information manager...
         Starting Nameserver information manager...
[   12.701314] systemd[1]: Reached target Encrypted Volumes.
[[0;32m  OK  [0m] Reached target Encrypted Volumes.
[   12.714984] systemd[1]: Set up automount Arbitrary Executable File Formats File System Automount Point.
[[0;32m  OK  [0m] Set up automount Arbitrary Executab...ats File System Automount Point.
[   12.734221] systemd[1]: Listening on Device-mapper event daemon FIFOs.
[[0;32m  OK  [0m] Listening on Device-mapper event daemon FIFOs.
[   12.751531] systemd[1]: Created slice User and Session Slice.
[[0;32m  OK  [0m] Created slice User and Session Slice.
[   12.766425] systemd[1]: Reached target Slices.
[[0;32m  OK  [0m] Reached target Slices.
[   12.790079] systemd[1]: Starting Load Kernel Modules...
         Starting Load Kernel Modules...
[   12.802582] systemd[1]: Starting Remount Root and Kernel File Systems...
         Starting Remount Root and Kernel File Systems...
[   12.820644] systemd[1]: Started Forward Password Requests to Wall Directory Watch.
[[0;32m  OK  [0m] Started Forward Password Requests to Wall Directory Watch.
[   12.834298] Loading iSCSI transport class v2.0-870.
[   12.834440] EXT4-fs (sda1): re-mounted. Opts: (null)
[   12.849042] systemd[1]: Listening on Syslog Socket.
[[0;32m  OK  [0m] Listening on Syslog Socket.
[   12.870973] iscsi: registered transport (tcp)
[   12.883183] systemd[1]: Starting Journal Service...
         Starting Journal Service...
[   12.894437] systemd[1]: Starting Uncomplicated firewall...
         Starting Uncomplicated firewall...
[   12.909152] systemd[1]: Listening on LVM2 metadata daemon socket.
[[0;32m  OK  [0m] Listening on LVM2 metadata daemon socket.
[   12.947878] systemd[1]: Starting Monitoring of LVM2 mirrors, snapshots etc. using dmeventd or progress polling...
         Starting Monitoring of LVM2 mirrors... dmeventd or progress polling...
[   12.973160] systemd[1]: Listening on udev Control Socket.
[[0;32m  OK  [0m] Listening on udev Control Socket.
[   13.013038] systemd[1]: Mounted Debug File System.
[[0;32m  OK  [0m] Mounted Debug File System.
[   13.022499] iscsi: registered transport (iser)
[   13.026260] systemd[1]: Mounted Huge Pages File System.
[[0;32m  OK  [0m] Mounted Huge Pages File System.
[   13.042015] systemd[1]: Mounted POSIX Message Queue File System.
[[0;32m  OK  [0m] Mounted POSIX Message Queue File System.
[   13.058791] systemd[1]: Started Journal Service.
[[0;32m  OK  [0m] Started Journal Service.
[[0;32m  OK  [0m] Started Set console keymap.
[[0;32m  OK  [0[   13.085498] random: nonblocking pool is initialized
m] Started Create list of required sta...ce nodes for the current kernel.
[[0;32m  OK  [0m] Started Load Kernel Modules.
[[0;32m  OK  [0m] Started Remount Root and Kernel File Systems.
[[0;32m  OK  [0m] Started Uncomplicated firewall.
[[0;32m  OK  [0m] Started Nameserver information manager.
[[0;32m  OK  [0m] Started LVM2 metadata daemon.
         Starting udev Coldplug all Devices...
         Starting Load/Save Random Seed...
         Mounting FUSE Control File System...
         Starting Apply Kernel Variables...
         Starting Create Static Device Nodes in /dev...
         Starting Flush Journal to Persistent Storage...
[[0;32m  OK  [0m] Mounted FUSE Control File System.
[[0;32m  OK  [0m] Started Load/Save Random Seed.
[[0;32m  OK  [0m] Started Apply Kernel Variables.
[[0;32m  OK  [0m] Started Create Static Device Nodes in /dev.
[[0;32m  OK  [0m] Started Flush Journal to Persistent Storage.
[[0;32m  OK  [0m] Started udev Coldplug all Devices.
         Starting udev Kernel Device Manager...
[[0;32m  OK  [0m] Started Monitoring of LVM2 mirrors,...ng dmeventd or progress polling.
[[0;32m  OK  [0m] Started udev Kernel Device Manager.
[[0;32m  OK  [0m] Started Dispatch Password Requests to Console Directory Watch.
[[0;32m  OK  [0m] Reached target Local File Systems (Pre).
[[0;32m  OK  [0m] Reached target Local File Systems.
         Starting Initial cloud-init job (pre-networking)...
         Starting Create Volatile Files and Directories...
         Starting Tell Plymouth To Write Out Runtime Data...
         Starting Set console font and keymap...
         Starting Commit a transient machine-id on disk...
         Starting LSB: AppArmor initialization...
[[0;32m  OK  [0m] Started Create Volatile Files and Directories.
[[0;32m  OK  [0m] Started Tell Plymouth To Write Out Runtime Data.
[[0;32m  OK  [0m] Started Commit a transient machine-id on disk.
         Starting Update UTMP about System Boot/Shutdown...
[[0;32m  OK  [0m] Started Update UTMP about System Boot/Shutdown.
[[0;32m  OK  [0m] Found device /dev/ttyS0.
[[0;32m  OK  [0m] Listening on Load/Save RF Kill Switch Status /dev/rfkill Watch.
[   17.796384] cloud-init[479]: Cloud-init v. 19.2-36-g059d049c-0ubuntu2~16.04.1 running 'init-local' at Tue, 10 Dec 2019 17:19:58 +0000. Up 16.04 seconds.
[[0;32m  OK  [0m] Started Initial cloud-init job (pre-networking).
[[0;32m  OK  [0m] Reached target Network (Pre).
[[0;32m  OK  [0m] Started Set console font and keymap.
[[0;32m  OK  [0m] Created slice system-getty.slice.
[[0;32m  OK  [0m] Started LSB: AppArmor initialization.
         Starting Raise network interfaces...
[[0;32m  OK  [0m] Started Raise network interfaces.
         Starting Initial cloud-init job (metadata service crawler)...
[[0;32m  OK  [0m] Reached target Network.
[   24.546726] cloud-init[944]: Cloud-init v. 19.2-36-g059d049c-0ubuntu2~16.04.1 running 'init' at Tue, 10 Dec 2019 17:20:05 +0000. Up 22.62 seconds.
[   24.557623] cloud-init[944]: ci-info: ++++++++++++++++++++++++++++++++++++++Net device info++++++++++++++++++++++++++++++++++++++
[   24.573192] cloud-init[944]: ci-info: +--------+------+----------------------------+---------------+--------+-------------------+
[   24.577145] cloud-init[944]: ci-info: | Device |  Up  |          Address           |      Mask     | Scope  |     Hw-Address    |
[   24.585668] cloud-init[944]: ci-info: +--------+------+----------------------------+---------------+--------+-------------------+
[   24.589701] cloud-init[944]: ci-info: | enp0s3 | True |         10.0.2.15          | 255.255.255.0 | global | 02:4f:25:6a:cc:77 |
[   24.597378] cloud-init[944]: ci-info: | enp0s3 | True | fe80::4f:25ff:fe6a:cc77/64 |       .       |  link  | 02:4f:25:6a:cc:77 |
[   24.605731] cloud-init[944]: ci-info: |   lo   | True |         127.0.0.1          |   255.0.0.0   |  host  |         .         |
[   24.622088] cloud-init[944]: ci-info: |   lo   | True |          ::1/128           |       .       |  host  |         .         |
[   24.633937] cloud-init[944]: ci-info: +--------+------+----------------------------+---------------+--------+-------------------+
[   24.641175] cloud-init[944]: ci-info: +++++++++++++++++++++++++++Route IPv4 info++++++++++++++++++++++++++++
[   24.653533] cloud-init[944]: ci-info: +-------+-------------+----------+---------------+-----------+-------+
[   24.657309] cloud-init[944]: ci-info: | Route | Destination | Gateway  |    Genmask    | Interface | Flags |
[   24.669921] cloud-init[944]: ci-info: +-------+-------------+----------+---------------+-----------+-------+
[   24.673093] cloud-init[944]: ci-info: |   0   |   0.0.0.0   | 10.0.2.2 |    0.0.0.0    |   enp0s3  |   UG  |
[   24.681160] cloud-init[944]: ci-info: |   1   |   10.0.2.0  | 0.0.0.0  | 255.255.255.0 |   enp0s3  |   U   |
[   24.693180] cloud-init[944]: ci-info: +-------+-------------+----------+---------------+-----------+-------+
[   24.705535] cloud-init[944]: ci-info: +++++++++++++++++++Route IPv6 info+++++++++++++++++++
[   24.713420] cloud-init[944]: ci-info: +-------+-------------+---------+-----------+-------+
[[0;32m  OK  [0m] Started Initial cloud-init job (metadata service crawler).
[   24.731535] cloud-init[944]: ci-info: | Route | Destination | Gateway | Interface | Flags |
[   24.741550] [cloud-init[0;32m  OK  [0m[944]: ] ci-info: +-------+-------------+---------+-----------+-------+Reached target System Initialization.

[[0;32m  OK  [0m] Listening on UUID daemon activation socket.
[[0;32m  OK  [0m] Listening on ACPID Listen Socket.
         Starting Socket activation for snappy daemon.
[   24.744733] cloud-init[944]: ci-info: |   0   |  fe80::/64  |    ::   |   enp0s3  |   U   |
[   24.752281] cloud-init[944]: ci-info: |   4   |   ff00::/8  |    ::   |   enp0s3  |   U   |
[   24.753174] cloud-init[944]: ci-info: +-------+-------------+---------+-----------+-------+
[   24.753527] cloud-init[944]: Generating public/private rsa key pair.
[   24.753901] cloud-init[944]: Your identification has been saved in /etc/ssh/ssh_host_rsa_key.
[   24.754228] cloud-init[944]: Your public key has been saved in /etc/ssh/ssh_host_rsa_key.pub.
[   24.754402] cloud-init[944]: The key fingerprint is:
[   24.754579] cloud-init[944]: SHA256:afi/mzMb3kqn7eJlectYV76gel0XnrZJ7c8if9adgFo root@ubuntu-xenial
[   24.754800] cloud-init[944]: The key's randomart image is:
[   24.755116] cloud-init[944]: +---[RSA 2048]----+
[   24.755292] cloud-init[944]: |                 |
[   24.755466] cloud-init[944]: |                 |
[   24.755639] cloud-init[944]: |                 |
[   24.755846] cloud-init[944]: |       . .     . |
[   24.756265] cloud-init[944]: |      . S   . . =|
[   24.756592] cloud-init[944]: |       o   E o B+|
[   24.756823] cloud-init[944]: |        . = *.B.X|
[   24.757048] cloud-init[944]: |         =+@o*oBB|
[[   24.757308] [0;32m  OK  [0mcloud-init] [944]: Started ACPI Events Check.|         o&@=o+=+|

[   24.757595] cloud-init[944]: +----[SHA256]-----+
[[0;32m  OK  [0m] Reached target Paths.
[   24.777624] cloud-init[944]: Generating public/private dsa key pair.
[[0;32m  OK  [0m] Started Daily Cleanup of Temporary Directories.
[   24.785654] cloud-init[944]: Your identification has been saved in /etc/ssh/ssh_host_dsa_key.
[   24.796560] cloud-init[944]: Your public key has been saved in /etc/ssh/ssh_host_dsa_key.pub.
[   24.797155] cloud-init[944]: The key fingerprint is:
[[   24.797349] cloud-init[944]: SHA256:VAsmIIPNll4vAA4qHD/huTjySqc0xPTyngyV9UFEVQM root@ubuntu-xenial
[0;32m  OK  [0m] Listening on D-Bus System Message Bus Socket.
[[0;32m  OK  [0m] Started Daily apt download activities.
[   24.797613] cloud-init[944]: The key's randomart image is:
[   24.810829] cloud-init[944]: +---[DSA 1024]----+
[   24.811558] cloud-init[944]: |o*oo..+++E+o     |
[[0;32m  OK  [0m] Started Daily apt upgrade and clean activities.
[   24.811942] cloud-init[944]: |* Xo+ .o o ..    |
[   24.812479] cloud-init[944]: |o* B o .. .      |
[   24.812733] cloud-init[944]: |+ + * o..        |
[[   24.812996] cloud-init[944]: |.* = . .S        |
[0;32m  OK  [0m] Started Message of the Day.
[   24.826350] cloud-init[944]: |o.=              |
[   24.834716] cloud-init[944]: | =.o             |
[[0;32m  OK  [0m[   24.834956] cloud-init[944]: |o.B .            |
] Reached target Timers.
[   24.836671] cloud-init[944]: |.. +             |
[   24.840970] cloud-init[944]: +----[SHA256]-----+
[   24.849157]          cloud-init[944]: Generating public/private ecdsa key pair.
Starting LXD - unix socket.[   24.850364] 
cloud-init[944]: Your identification has been saved in /etc/ssh/ssh_host_ecdsa_key.
[   24.850810] cloud-init[944]: Your public key has been saved in /etc/ssh/ssh_host_ecdsa_key.pub.
[   24.851012] cloud-init[944]: The key fingerprint is:
[[0;32m  OK  [0m] [   24.861720] Reached target Network is Online.cloud-init
[944]: SHA256:A7/2d6bpJnE0WNR+tpr0kNB0sowkzLdrvyFD0jcsRiY root@ubuntu-xenial
[   24.862205] cloud-init[944]: The key's randomart image is:
[   24.862480] cloud-init[944]: +---[ECDSA 256]---+
[   24.875403] cloud-init[944]: |        o  ...   |
[   24.878327] cloud-init[944]: |         + o.o.. |
[   24.880279] cloud-init[944]: |      .  E+=*.+  |
         Starting iSCSI initiator daemon (iscsid)...
[   24.896507] cloud-init[944]: |       o  *+++. o|
[   24.900600] cloud-init[944]: |        S. *o=.o.|
[   24.906981] [[0;32m  OK  [0m] Reached target Cloud-config availability.
[[0;32m  OK  [0m] Listening on Socket activation for snappy daemon.
[[0;32m  OK  [0m] Listening on LXD - unix socket.
cloud-init[944]: |         o=o++.. |
[   24.921438] cloud-init[944]: |        o .=o.=  |
[   24.933517] cloud-init[944]: |       . .. ==+. |
[   24.937546] cloud-init[944]: |          .=+=.  |
[   24.944805] cloud-init[944]: +----[SHA256]-----+
[   24.948002] cloud-init[944]: Generating public/private ed25519 key pair.
[   24.956573] cloud-init[944]: Your identification has been saved in /etc/ssh/ssh_host_ed25519_key.
[   24.984841] [cloud-init[0;32m  OK  [0m[944]: ] Your public key has been saved in /etc/ssh/ssh_host_ed25519_key.pub.Started iSCSI initiator daemon (iscsid).

[   24.990691] cloud-init[944]: The key fingerprint is:
[   25.001708] cloud-init[944]: SHA256:rwVqSaOuySZMuyOBcgkPIk30kQXJRQEekFc/YZAwiXQ root@ubuntu-xenial
[   25.013183] cloud-init[944]: The key's randomart image is:
[   25.021964] cloud-init[944]: +--[ED25519 256]--+
[   25.028436] cloud-init[944]: | o+=E%B+o        |
[   25.029037] cloud-init[944]: |  ++*+.o .       |
[   25.029907] cloud-init[944]: | o .o   o        |
         Starting Login to default iSCSI targets...
[   25.030471] cloud-init[944]: |= .      .       |
[[0;32m  OK  [0m] Reached target Sockets.
[   25.042118] cloud-init[944]: |++ .  o S        |
[[0;32m  OK  [0m] Reached target Basic System.
[   25.049983] cloud-init[944]: |+.+  o + o       |
[   25.059666] cloud-init[944]: |+o. . +   o      |
[   25.063103] cloud-init[944]: |o=.o .   o       |
[[0;32m  OK  [0m] Started FUSE filesystem for LXC.
[   25.074496] cloud-init[944]: |.+*..   .        |
[[0;32m  OK  [0m] Started D-Bus System Message Bus.
[   25.086371] cloud-init[944]: +----[SHA256]-----+
         Starting Virtualbox guest utils...
         Starting LXD - container startup/shutdown...
         Starting Pollinate to seed the pseudo random number generator...
         Starting /etc/rc.local Compatibility...
         Starting Login Service...
[[0;32m  OK  [0m] Started ACPI event daemon.
[[0;32m  OK  [0m] Started Regular background program processing daemon.
         Starting LSB: MD monitoring daemon...
         Starting Accounts Service...
         Starting LSB: Record successful boot for GRUB...
[[0;32m  OK  [0m] Started Deferred execution scheduler.
         Starting System Logging Service...
         Starting Snappy daemon...
[[0;32m  OK  [0m] Started /etc/rc.local Compatibility.
[[0;32m  OK  [0m] Started System Logging Service.
[[0;32m  OK  [0m] Started Login to default iSCSI targets.
[[0;32m  OK  [0m] Started LXD - container startup/shutdown.
[[0;32m  OK  [0m] Started LSB: Record successful boot for GRUB.
[[0;32m  OK  [0m] Started Login Service.
[[0;32m  OK  [0m] Started Unattended Upgrades Shutdown.
         Starting Authenticate and Authorize Users to Run Privileged Tasks...
[[0;32m  OK  [0m] Reached target Remote File Systems (Pre).
[[0;32m  OK  [0m] Reached target Remote File Systems.
         Starting LSB: daemon to balance interrupts for SMP systems...
         Starting LSB: automatic crash report generation...
         Starting Permit User Sessions...
         Starting LSB: Set the CPU Frequency Scaling governor to "ondemand"...
[[0;32m  OK  [0m] Started Permit User Sessions.
[[0;32m  OK  [0m] Started LSB: MD monitoring daemon.
[[0;32m  OK  [0m] Started Virtualbox guest utils.
         Starting Hold until boot process finishes up...
         Starting Terminate Plymouth Boot Screen...
[[0;32m  OK  [0m] Started Hold until boot process finishes up.
[[0;32m  OK  [0m] Started LSB: Set the CPU Frequency Scaling governor to "ondemand".
[[0;32m  OK  [0m] Started Terminate Plymouth Boot Screen.
[[0;32m  OK  [0m] Started Authenticate and Authorize Users to Run Privileged Tasks.
[[0;32m  OK  [0m] Started LSB: daemon to balance interrupts for SMP systems.
[[0;32m  OK  [0m] Started LSB: automatic crash report generation.
[[0;32m  OK  [0m] Started Accounts Service.
         Starting Set console scheme...
[[0;32m  OK  [0m] Started Serial Getty on ttyS0.
[[0;32m  OK  [0m] Started Getty on tty1.
[[0;32m  OK  [0m] Reached target Login Prompts.
[[0;32m  OK  [0m] Started Set console scheme.
[[0;32m  OK  [0m] Started Snappy daemon.
         Starting Wait until snapd is fully seeded...
[[0;32m  OK  [0m] Started Pollinate to seed the pseudo random number generator.
         Starting OpenBSD Secure Shell server...
[[0;32m  OK  [0m] Started OpenBSD Secure Shell server.
[[0;32m  OK  [0m] Created slice User Slice of vagrant.
         Starting User Manager for UID 1000...
[[0;32m  OK  [0m] Started Session 1 of user vagrant.
[[0;32m  OK  [0m] Started User Manager for UID 1000.

Ubuntu 16.04.6 LTS ubuntu-xenial ttyS0

ubuntu-xenial login: [   34.336479] cloud-init[1405]: Generating locales (this might take a while)...
[   39.495091] cloud-init[1405]:   en_US.UTF-8... done
[   39.499452] cloud-init[1405]: Generation complete.
[   40.766828] cloud-init[1405]: Cloud-init v. 19.2-36-g059d049c-0ubuntu2~16.04.1 running 'modules:config' at Tue, 10 Dec 2019 17:20:16 +0000. Up 33.80 seconds.
ci-info: no authorized ssh keys fingerprints found for user ubuntu.
<14>Dec 10 17:20:25 ec2: 
<14>Dec 10 17:20:25 ec2: #############################################################
<14>Dec 10 17:20:25 ec2: -----BEGIN SSH HOST KEY FINGERPRINTS-----
<14>Dec 10 17:20:25 ec2: 1024 SHA256:VAsmIIPNll4vAA4qHD/huTjySqc0xPTyngyV9UFEVQM root@ubuntu-xenial (DSA)
<14>Dec 10 17:20:25 ec2: 256 SHA256:A7/2d6bpJnE0WNR+tpr0kNB0sowkzLdrvyFD0jcsRiY root@ubuntu-xenial (ECDSA)
<14>Dec 10 17:20:25 ec2: 256 SHA256:rwVqSaOuySZMuyOBcgkPIk30kQXJRQEekFc/YZAwiXQ root@ubuntu-xenial (ED25519)
<14>Dec 10 17:20:25 ec2: 2048 SHA256:afi/mzMb3kqn7eJlectYV76gel0XnrZJ7c8if9adgFo root@ubuntu-xenial (RSA)
<14>Dec 10 17:20:25 ec2: -----END SSH HOST KEY FINGERPRINTS-----
<14>Dec 10 17:20:25 ec2: #############################################################
-----BEGIN SSH HOST KEY KEYS-----
ecdsa-sha2-nistp256 AAAAE2VjZHNhLXNoYTItbmlzdHAyNTYAAAAIbmlzdHAyNTYAAABBBAikalwpq6mxAA8ZqC7ZvV4Zm4xMdnph0A6PKR4qE//GxatfE8LjjyNY4pnpwl7gXVQIbAkGmda2t2kGo43aHqE= root@ubuntu-xenial
ssh-ed25519 AAAAC3NzaC1lZDI1NTE5AAAAINfZqXjdtCvipBUcOxzXg4bqCFcm6Q+hJALAVDqCuwUS root@ubuntu-xenial
ssh-rsa AAAAB3NzaC1yc2EAAAADAQABAAABAQCwqub1vVApAqyHVXu/D4YnVEMHKWD8Puf8QCiyHN1MIoSjrk9X6psaBfItAHRq46XaY9OfS3bdVK6MwB6Z6BSaEhoUyc4dCPiXNyPNrGY9ctdqgZaeGBDeli3Y50pIkIeCXi06lIq1Qn7TtY4hLExhE7Jf0+WMuovd8bU9uL2/kBccfXmzXaCKTqw0rAA5EmKknPIROuZapLnqqbKIZ7uc7VWwybt9nY3EAWP5N9tgSPWEjc1DAWVAxqaEsEK8G9ndCKFbuUjf4oR8czbfDdrFYQ2j36BkCfgOfATJ9SlKIpnuMw1IY+FcKfr8hcscwVZt8JC5JwTzY6Yaai9LVR8x root@ubuntu-xenial
-----END SSH HOST KEY KEYS-----
[   43.286567] cloud-init[1551]: Cloud-init v. 19.2-36-g059d049c-0ubuntu2~16.04.1 running 'modules:final' at Tue, 10 Dec 2019 17:20:25 +0000. Up 42.62 seconds.
[   43.291100] cloud-init[1551]: ci-info: no authorized ssh keys fingerprints found for user ubuntu.
[   43.293408] cloud-init[1551]: Cloud-init v. 19.2-36-g059d049c-0ubuntu2~16.04.1 finished at Tue, 10 Dec 2019 17:20:25 +0000. Datasource DataSourceNoCloud [seed=/dev/sdb][dsmode=net].  Up 43.24 seconds
